This is pdfTeX, Version 3.14159265-2.6-1.40.17 (TeX Live 2016/Debian) (preloaded format=pdflatex 2019.3.6)  15 MAY 2019 10:43
entering extended mode
 restricted \write18 enabled.
 %&-line parsing enabled.
**3_Projekt.tex
(./3_Projekt.tex
LaTeX2e <2017/01/01> patch level 3
Babel <3.9r> and hyphenation patterns for 8 language(s) loaded.
! Undefined control sequence.
l.1 \subsection
               {Projekt zum Schutz der Biodiversit채t in Rum채nien}
? 
! Emergency stop.
l.1 \subsection
               {Projekt zum Schutz der Biodiversit채t in Rum채nien}
End of file on the terminal!

 
Here is how much of TeX's memory you used:
 5 strings out of 494893
 142 string characters out of 6178673
 46004 words of memory out of 5000000
 3416 multiletter control sequences out of 15000+600000
 3640 words of font info for 14 fonts, out of 8000000 for 9000
 14 hyphenation exceptions out of 8191
 5i,0n,1p,79b,8s stack positions out of 5000i,500n,10000p,200000b,80000s
!  ==> Fatal error occurred, no output PDF file produced!
