\BOOKMARK [1][-]{section*.3}{Abbildungsverzeichnis}{}% 1
\BOOKMARK [1][-]{section*.4}{Tabellenverzeichnis}{}% 2
\BOOKMARK [1][-]{section*.5}{Todoliste}{}% 3
\BOOKMARK [1][-]{section*.6}{Abk\374rzungsverzeichnis}{}% 4
\BOOKMARK [1][-]{section.1}{1 Einleitung}{}% 5
\BOOKMARK [2][-]{subsection.1.1}{1.1 Ziele}{section.1}% 6
\BOOKMARK [1][-]{section.2}{2 Hintergrund}{}% 7
\BOOKMARK [2][-]{subsection.2.1}{2.1 Arnica montana}{section.2}% 8
\BOOKMARK [3][-]{subsubsection.2.1.1}{2.1.1 Medizinische Wirkung}{subsection.2.1}% 9
\BOOKMARK [3][-]{subsubsection.2.1.2}{2.1.2 Naturschutzstatus}{subsection.2.1}% 10
\BOOKMARK [3][-]{subsubsection.2.1.3}{2.1.3 Gewinnung}{subsection.2.1}% 11
\BOOKMARK [2][-]{subsection.2.2}{2.2 Projekt zum Schutz der Biodiversit\344t in Rum\344nien}{section.2}% 12
\BOOKMARK [3][-]{subsubsection.2.2.1}{2.2.1 Projektpartner}{subsection.2.2}% 13
\BOOKMARK [3][-]{subsubsection.2.2.2}{2.2.2 \326kologischer Hintergrund}{subsection.2.2}% 14
\BOOKMARK [3][-]{subsubsection.2.2.3}{2.2.3 Vorgehensweise}{subsection.2.2}% 15
\BOOKMARK [2][-]{subsection.2.3}{2.3 Drohneneinsatz zur Fernerkundung}{section.2}% 16
\BOOKMARK [3][-]{subsubsection.2.3.1}{2.3.1 Vergleich von Drohnenarten}{subsection.2.3}% 17
\BOOKMARK [3][-]{subsubsection.2.3.2}{2.3.2 Testfl\374ge im Schwarzwald}{subsection.2.3}% 18
\BOOKMARK [1][-]{section.3}{3 Programmbeschreibung}{}% 19
\BOOKMARK [2][-]{subsection.3.1}{3.1 Programmiersprache}{section.3}% 20
\BOOKMARK [2][-]{subsection.3.2}{3.2 Anwendungsbereich}{section.3}% 21
\BOOKMARK [2][-]{subsection.3.3}{3.3 Programmaufbau}{section.3}% 22
\BOOKMARK [2][-]{subsection.3.4}{3.4 Methoden}{section.3}% 23
\BOOKMARK [3][-]{subsubsection.3.4.1}{3.4.1 Parameterbeschreibung}{subsection.3.4}% 24
\BOOKMARK [3][-]{subsubsection.3.4.2}{3.4.2 Objektorientierte Programmierung}{subsection.3.4}% 25
\BOOKMARK [2][-]{subsection.3.5}{3.5 Implementierung / Aufruf}{section.3}% 26
\BOOKMARK [3][-]{subsubsection.3.5.1}{3.5.1 Hard- und Softwarevoraussetzungen}{subsection.3.5}% 27
\BOOKMARK [3][-]{subsubsection.3.5.2}{3.5.2 \(Notwendige\) In- und Output-Dateien und deren Formate}{subsection.3.5}% 28
\BOOKMARK [1][-]{section.4}{4 Ergebnisse}{}% 29
\BOOKMARK [2][-]{subsection.4.1}{4.1 Auswertung}{section.4}% 30
\BOOKMARK [2][-]{subsection.4.2}{4.2 Schwierigkeiten}{section.4}% 31
\BOOKMARK [3][-]{subsubsection.4.2.1}{4.2.1 Problem: Kreise um zusammenh\344ngende Blumen}{subsection.4.2}% 32
\BOOKMARK [3][-]{subsubsection.4.2.2}{4.2.2 Problem: Blume wird durch Schatten gest\374ckelt}{subsection.4.2}% 33
\BOOKMARK [3][-]{subsubsection.4.2.3}{4.2.3 Problem: Verwechslungspotential Arnica montana}{subsection.4.2}% 34
\BOOKMARK [1][-]{section.5}{5 Diskussion}{}% 35
\BOOKMARK [1][-]{section.6}{6 Fazit}{}% 36
\BOOKMARK [1][-]{section.6}{Literaturverzeichnis}{}% 37
\BOOKMARK [1][-]{section*.29}{Anhang}{}% 38
\BOOKMARK [1][-]{section*.30}{Eidesstattliche Erkl\344rung}{}% 39
